make all --print-data-base --no-builtin-variables --no-builtin-rules --question
make: *** No rule to make target 'all'.  Stop.

# GNU Make 4.2.1
# Built for x86_64-pc-linux-gnu
# Copyright (C) 1988-2016 Free Software Foundation, Inc.
# License GPLv3+: GNU GPL version 3 or later <http://gnu.org/licenses/gpl.html>
# This is free software: you are free to change and redistribute it.
# There is NO WARRANTY, to the extent permitted by law.

# Make data base, printed on Sun Aug  7 10:56:36 2022

# Variables

# 'override' directive
GNUMAKEFLAGS := 
# automatic
<D = $(patsubst %/,%,$(dir $<))
# automatic
?F = $(notdir $?)
# environment
DESKTOP_SESSION = ubuntu
# default
.SHELLFLAGS := -c
# environment
XDG_SESSION_CLASS = user
# environment
SNAP_COMMON = /var/snap/code/common
# environment
XDG_SESSION_TYPE = x11
# automatic
?D = $(patsubst %/,%,$(dir $?))
# environment
IM_CONFIG_PHASE = 1
# automatic
@D = $(patsubst %/,%,$(dir $@))
# environment
XAUTHORITY = /run/user/1000/gdm/Xauthority
# environment
GDMSESSION = ubuntu
# environment
XMODIFIERS = @im=ibus
# makefile
CURDIR := /home/henil/Downloads/fortran-sphinx/webpage
# makefile
SHELL = /bin/sh
# environment
SNAP_DATA = /var/snap/code/103
# environment
VSCODE_NLS_CONFIG = {"locale":"en-gb","availableLanguages":{},"_languagePackSupport":true}
# environment
JOURNAL_STREAM = 8:50178
# environment
XDG_CONFIG_DIRS = /etc/xdg/xdg-ubuntu:/etc/xdg
# environment
SNAP_INSTANCE_NAME = code
# environment
SNAP_ARCH = amd64
# makefile (from 'Makefile', line 1)
MAKEFILE_LIST :=  Makefile
# automatic
@F = $(notdir $@)
# environment
GIO_LAUNCHED_DESKTOP_FILE = /var/lib/snapd/desktop/applications/code_code.desktop
# environment
USERNAME = henil
# environment
MANDATORY_PATH = /usr/share/gconf/ubuntu.mandatory.path
# environment
XDG_DATA_DIRS = /usr/share/ubuntu:/usr/local/share/:/usr/share/:/var/lib/snapd/desktop
# environment
DBUS_SESSION_BUS_ADDRESS = unix:path=/run/user/1000/bus,guid=90cea69bbd805cc192a21aaf62ef4224
# makefile (from 'Makefile', line 10)
BUILDDIR = build
# environment
_ = /snap/code/103/usr/share/code/code
# environment
MANAGERPID = 1635
# environment
LESSOPEN = | /usr/bin/lesspipe %s
# environment
VSCODE_CWD = /home/henil
# environment
GSETTINGS_SCHEMA_DIR = /snap/code/103/usr/share/glib-2.0/schemas
# default
MAKE_HOST := x86_64-pc-linux-gnu
# environment
PATH = /home/henil/.local/bin:/home/henil/.local/bin:/usr/local/sbin:/usr/local/bin:/usr/sbin:/usr/bin:/sbin:/bin:/usr/games:/usr/local/games:/snap/bin
# makefile (from 'Makefile', line 5)
LANGUAGES = en de zh_CN es fr nl ja
# environment
GPG_AGENT_INFO = /run/user/1000/gnupg/S.gpg-agent:0:1
# environment
SESSION_MANAGER = local/henil-HP-Laptop-15-bs1xx:@/tmp/.ICE-unix/1852,unix/henil-HP-Laptop-15-bs1xx:/tmp/.ICE-unix/1852
# environment
XDG_RUNTIME_DIR = /run/user/1000
# environment
GDK_PIXBUF_MODULE_FILE = /home/henil/snap/code/common/.cache/gdk-pixbuf-loaders.cache
# environment
SNAP = /snap/code/103
# environment
SNAP_VERSION = da76f933
# environment
XDG_MENU_PREFIX = gnome-
# environment
DISABLE_WAYLAND = 1
# environment
ELECTRON_RUN_AS_NODE = 1
# environment
INVOCATION_ID = 17b56197b9cf4463bcfbbf49c7f39b2b
# environment
GDK_PIXBUF_MODULEDIR = /snap/code/103/usr/lib/x86_64-linux-gnu/gdk-pixbuf-2.0/2.10.0/loaders
# default
.FEATURES := target-specific order-only second-expansion else-if shortest-stem undefine oneshell archives jobserver output-sync check-symlink load
# environment
LS_COLORS = 
# environment
XDG_SESSION_DESKTOP = ubuntu
# environment
SSH_AUTH_SOCK = /run/user/1000/keyring/ssh
# environment
GIO_LAUNCHED_DESKTOP_FILE_PID = 6300
# automatic
%F = $(notdir $%)
# environment
DISPLAY = :0
# environment
SNAP_INSTANCE_KEY = 
# environment
PWD = /home/henil/Downloads/fortran-sphinx/webpage
# default
.LOADED := 
# environment
SSH_AGENT_PID = 1813
# environment
ORIGINAL_XDG_CURRENT_DESKTOP = ubuntu:GNOME
# environment
GTK_MODULES = gail:atk-bridge
# environment
VSCODE_AMD_ENTRYPOINT = vs/workbench/api/node/extensionHostProcess
# environment
HOME = /home/henil
# environment
LESSCLOSE = /usr/bin/lesspipe %s %s
# environment
VSCODE_CLI = 1
# environment
VSCODE_CODE_CACHE_PATH = /home/henil/.config/Code/CachedData/da76f93349a72022ca4670c1b84860304616aaa2
# environment
LOGNAME = henil
# environment
APPLICATION_INSIGHTS_NO_DIAGNOSTIC_CHANNEL = 1
# environment
SNAP_LIBRARY_PATH = /var/lib/snapd/lib/gl:/var/lib/snapd/lib/gl32:/var/lib/snapd/void
# environment
SNAP_CONTEXT = qJX_lMYg7v_XirNIiJs6iNPwZW5CR5e0k1kgOHCe93P8q9HDWuWo
# environment
ELECTRON_NO_ATTACH_CONSOLE = 1
# environment
SNAP_USER_COMMON = /home/henil/snap/code/common
# environment
VSCODE_HANDLES_UNCAUGHT_ERRORS = true
# environment
GNOME_DESKTOP_SESSION_ID = this-is-deprecated
# automatic
^D = $(patsubst %/,%,$(dir $^))
# environment
MAKELEVEL := 0
# environment
SNAP_REAL_HOME = /home/henil
# default
MAKE = $(MAKE_COMMAND)
# default
MAKECMDGOALS := all
# makefile (from 'Makefile', line 11)
LOCALEDIR = locale
# environment
QT_IM_MODULE = ibus
# environment
SNAP_USER_DATA = /home/henil/snap/code/103
# environment
SHLVL = 0
# environment
GNOME_SHELL_SESSION_MODE = ubuntu
# default
MAKE_VERSION := 4.2.1
# environment
USER = henil
# environment
SNAP_REVISION = 103
# makefile
.DEFAULT_GOAL := help
# environment
XDG_CURRENT_DESKTOP = Unity
# automatic
%D = $(patsubst %/,%,$(dir $%))
# makefile (from 'Makefile', line 7)
SPHINXOPTS = 
# default
MAKE_COMMAND := make
# default
.VARIABLES := 
# automatic
*F = $(notdir $*)
# environment
LANGUAGE = en_IN:en
# environment
VSCODE_IPC_HOOK = /run/user/1000/vscode-0f48ce1b-1.70.0-main.sock
# environment
BAMF_DESKTOP_FILE_HINT = /var/lib/snapd/desktop/applications/code_code.desktop
# makefile
MAKEFLAGS = pqrR
# environment
MFLAGS = -pqrR
# automatic
*D = $(patsubst %/,%,$(dir $*))
# automatic
+D = $(patsubst %/,%,$(dir $+))
# makefile (from 'Makefile', line 8)
SPHINXBUILD = sphinx-build
# environment
GDK_BACKEND = x11
# automatic
+F = $(notdir $+)
# environment
QT_ACCESSIBILITY = 1
# environment
DEFAULTS_PATH = /usr/share/gconf/ubuntu.default.path
# default
MAKEFILES := 
# environment
SNAP_COOKIE = qJX_lMYg7v_XirNIiJs6iNPwZW5CR5e0k1kgOHCe93P8q9HDWuWo
# automatic
<F = $(notdir $<)
# environment
SNAP_NAME = code
# environment
LC_ALL = C
# environment
DBUS_STARTER_BUS_TYPE = session
# makefile (from 'Makefile', line 6)
SPHINXINTL = sphinx-intl
# automatic
^F = $(notdir $^)
# default
SUFFIXES := 
# environment
SNAP_REEXEC = 
# environment
CHROME_DESKTOP = code-url-handler.desktop
# environment
WINDOWPATH = 2
# default
.INCLUDE_DIRS = /usr/include /usr/include
# default
.RECIPEPREFIX := 
# environment
LANG = C
# makefile (from 'Makefile', line 9)
SOURCEDIR = source
# environment
VSCODE_PID = 6346
# environment
DBUS_STARTER_ADDRESS = unix:path=/run/user/1000/bus,guid=90cea69bbd805cc192a21aaf62ef4224
# variable set hash-table stats:
# Load=125/1024=12%, Rehash=0, Collisions=17/161=11%

# Pattern-specific Variable Values

# No pattern-specific variable values.

# Directories

# . (device 2058, inode 3024670): 18 files, no impossibilities.

# 18 files, no impossibilities in 1 directories.

# Implicit Rules

# No implicit rules.

# Files

html/fr:
#  Implicit rule search has not been done.
#  Modification time never checked.
#  File has not been updated.
#  recipe to execute (from 'Makefile', line 23):
	@$(SPHINXBUILD) -b dirhtml "$(SOURCEDIR)" "$(BUILDDIR)/$@" $(SPHINXOPTS) -Dlanguage=$(word 2,$(subst /, ,$@))

# Not a target:
all:
#  Command line target.
#  Implicit rule search has been done.
#  File does not exist.
#  File has not been updated.

# Not a target:
source/html/index.html:
#  Implicit rule search has not been done.
#  Modification time never checked.
#  File has not been updated.

.PHONY: help Makefile
#  Implicit rule search has not been done.
#  Modification time never checked.
#  File has not been updated.

html/en:
#  Implicit rule search has not been done.
#  Modification time never checked.
#  File has not been updated.
#  recipe to execute (from 'Makefile', line 23):
	@$(SPHINXBUILD) -b dirhtml "$(SOURCEDIR)" "$(BUILDDIR)/$@" $(SPHINXOPTS) -Dlanguage=$(word 2,$(subst /, ,$@))

# Not a target:
source/html/CNAME:
#  Implicit rule search has not been done.
#  Modification time never checked.
#  File has not been updated.

Makefile:
#  Phony target (prerequisite of .PHONY).
#  Implicit rule search has not been done.
#  File does not exist.
#  File has been updated.
#  Successfully updated.

build/html/index.html: source/html/index.html
#  Implicit rule search has not been done.
#  Modification time never checked.
#  File has not been updated.
#  recipe to execute (from 'Makefile', line 26):
	@cp $< $@

help:
#  Phony target (prerequisite of .PHONY).
#  Implicit rule search has not been done.
#  File does not exist.
#  File has not been updated.
#  recipe to execute (from 'Makefile', line 15):
	@$(SPHINXBUILD) -M help "$(SOURCEDIR)" "$(BUILDDIR)" $(SPHINXOPTS) $(O)

gettext:
#  Implicit rule search has not been done.
#  Modification time never checked.
#  File has not been updated.
#  recipe to execute (from 'Makefile', line 32):
	@$(SPHINXBUILD) -b $@ "$(SOURCEDIR)" "$(BUILDDIR)/$@" $(SPHINXOPTS)
	@$(SPHINXINTL) update -p "$(BUILDDIR)/$@" -d locale $(addprefix -l,$(filter-out en,$(LANGUAGES)))

html/de:
#  Implicit rule search has not been done.
#  Modification time never checked.
#  File has not been updated.
#  recipe to execute (from 'Makefile', line 23):
	@$(SPHINXBUILD) -b dirhtml "$(SOURCEDIR)" "$(BUILDDIR)/$@" $(SPHINXOPTS) -Dlanguage=$(word 2,$(subst /, ,$@))

 
# Not a target:
.DEFAULT:
#  Implicit rule search has not been done.
#  Modification time never checked.
#  File has not been updated.

build/html/CNAME: source/html/CNAME
#  Implicit rule search has not been done.
#  Modification time never checked.
#  File has not been updated.
#  recipe to execute (from 'Makefile', line 29):
	@cp $< $@

dirhtml: html/en html/de html/zh_CN html/es html/fr html/nl html/ja build/html/index.html build/html/CNAME
#  Implicit rule search has not been done.
#  Modification time never checked.
#  File has not been updated.
#  recipe to execute (from 'Makefile', line 20):
	@echo "Pages available at file://$$PWD/$(BUILDDIR)/html/index.html"

html/nl:
#  Implicit rule search has not been done.
#  Modification time never checked.
#  File has not been updated.
#  recipe to execute (from 'Makefile', line 23):
	@$(SPHINXBUILD) -b dirhtml "$(SOURCEDIR)" "$(BUILDDIR)/$@" $(SPHINXOPTS) -Dlanguage=$(word 2,$(subst /, ,$@))

html/ja:
#  Implicit rule search has not been done.
#  Modification time never checked.
#  File has not been updated.
#  recipe to execute (from 'Makefile', line 23):
	@$(SPHINXBUILD) -b dirhtml "$(SOURCEDIR)" "$(BUILDDIR)/$@" $(SPHINXOPTS) -Dlanguage=$(word 2,$(subst /, ,$@))

html/zh_CN:
#  Implicit rule search has not been done.
#  Modification time never checked.
#  File has not been updated.
#  recipe to execute (from 'Makefile', line 23):
	@$(SPHINXBUILD) -b dirhtml "$(SOURCEDIR)" "$(BUILDDIR)/$@" $(SPHINXOPTS) -Dlanguage=$(word 2,$(subst /, ,$@))

html/es:
#  Implicit rule search has not been done.
#  Modification time never checked.
#  File has not been updated.
#  recipe to execute (from 'Makefile', line 23):
	@$(SPHINXBUILD) -b dirhtml "$(SOURCEDIR)" "$(BUILDDIR)/$@" $(SPHINXOPTS) -Dlanguage=$(word 2,$(subst /, ,$@))

# files hash-table stats:
# Load=19/1024=2%, Rehash=0, Collisions=0/51=0%
# VPATH Search Paths

# No 'vpath' search paths.

# No general ('VPATH' variable) search path.

# strcache buffers: 1 (0) / strings = 37 / storage = 382 B / avg = 10 B
# current buf: size = 8162 B / used = 382 B / count = 37 / avg = 10 B

# strcache performance: lookups = 65 / hit rate = 43%
# hash-table stats:
# Load=37/8192=0%, Rehash=0, Collisions=4/65=6%
# Finished Make data base on Sun Aug  7 10:56:36 2022

 
